0 info it worked if it ends with ok
1 verbose cli [ '/usr/bin/node', '/usr/bin/npm', 'install', 'json-server' ]
2 info using npm@3.5.2
3 info using node@v8.10.0
4 silly loadCurrentTree Starting
5 silly install loadCurrentTree
6 silly install readLocalPackageData
7 silly fetchPackageMetaData json-server
8 silly fetchNamedPackageData json-server
9 silly mapToRegistry name json-server
10 silly mapToRegistry using default registry
11 silly mapToRegistry registry https://registry.npmjs.org/
12 silly mapToRegistry uri https://registry.npmjs.org/json-server
13 verbose request uri https://registry.npmjs.org/json-server
14 verbose request no auth needed
15 info attempt registry request try #1 at 9:32:17 AM
16 verbose request id d2b2fbbc331d32be
17 verbose etag W/"9bebe52ff5fcc88a11ac68a57e114184"
18 verbose lastModified Mon, 01 Mar 2021 18:43:32 GMT
19 http request GET https://registry.npmjs.org/json-server
20 http 304 https://registry.npmjs.org/json-server
21 verbose headers { date: 'Fri, 09 Apr 2021 02:32:17 GMT',
21 verbose headers   connection: 'keep-alive',
21 verbose headers   'set-cookie':
21 verbose headers    [ '__cfduid=d7f22c88ef0b18b9eec9a8d2123efef741617935537; expires=Sun, 09-May-21 02:32:17 GMT; path=/; domain=.npmjs.org; HttpOnly; SameSite=Lax' ],
21 verbose headers   'cf-ray': '63d052f84919c6dc-SGN',
21 verbose headers   age: '888',
21 verbose headers   'cache-control': 'public, max-age=300',
21 verbose headers   etag: '"9bebe52ff5fcc88a11ac68a57e114184"',
21 verbose headers   'last-modified': 'Mon, 01 Mar 2021 18:43:32 GMT',
21 verbose headers   vary: 'Accept-Encoding',
21 verbose headers   'cf-cache-status': 'HIT',
21 verbose headers   'cf-request-id': '0956122f2b0000c6dcab2ac000000001',
21 verbose headers   'expect-ct': 'max-age=604800, report-uri="https://report-uri.cloudflare.com/cdn-cgi/beacon/expect-ct"',
21 verbose headers   server: 'cloudflare' }
22 silly get cb [ 304,
22 silly get   { date: 'Fri, 09 Apr 2021 02:32:17 GMT',
22 silly get     connection: 'keep-alive',
22 silly get     'set-cookie':
22 silly get      [ '__cfduid=d7f22c88ef0b18b9eec9a8d2123efef741617935537; expires=Sun, 09-May-21 02:32:17 GMT; path=/; domain=.npmjs.org; HttpOnly; SameSite=Lax' ],
22 silly get     'cf-ray': '63d052f84919c6dc-SGN',
22 silly get     age: '888',
22 silly get     'cache-control': 'public, max-age=300',
22 silly get     etag: '"9bebe52ff5fcc88a11ac68a57e114184"',
22 silly get     'last-modified': 'Mon, 01 Mar 2021 18:43:32 GMT',
22 silly get     vary: 'Accept-Encoding',
22 silly get     'cf-cache-status': 'HIT',
22 silly get     'cf-request-id': '0956122f2b0000c6dcab2ac000000001',
22 silly get     'expect-ct': 'max-age=604800, report-uri="https://report-uri.cloudflare.com/cdn-cgi/beacon/expect-ct"',
22 silly get     server: 'cloudflare' } ]
23 verbose etag https://registry.npmjs.org/json-server from cache
24 verbose get saving json-server to /home/vawn/.npm/registry.npmjs.org/json-server/.cache.json
25 silly install normalizeTree
26 silly loadCurrentTree Finishing
27 silly loadIdealTree Starting
28 silly install loadIdealTree
29 silly cloneCurrentTree Starting
30 silly install cloneCurrentTreeToIdealTree
31 silly cloneCurrentTree Finishing
32 silly loadShrinkwrap Starting
33 silly install loadShrinkwrap
34 silly loadShrinkwrap Finishing
35 silly loadAllDepsIntoIdealTree Starting
36 silly install loadAllDepsIntoIdealTree
37 silly resolveWithNewModule json-server@0.16.3 checking installable status
38 silly cache add args [ 'json-server', null ]
39 verbose cache add spec json-server
40 silly cache add parsed spec Result {
40 silly cache add   raw: 'json-server',
40 silly cache add   scope: null,
40 silly cache add   name: 'json-server',
40 silly cache add   rawSpec: '',
40 silly cache add   spec: 'latest',
40 silly cache add   type: 'tag' }
41 silly addNamed json-server@latest
42 verbose addNamed "latest" is being treated as a dist-tag for json-server
43 info addNameTag [ 'json-server', 'latest' ]
44 silly mapToRegistry name json-server
45 silly mapToRegistry using default registry
46 silly mapToRegistry registry https://registry.npmjs.org/
47 silly mapToRegistry uri https://registry.npmjs.org/json-server
48 verbose addNameTag registry:https://registry.npmjs.org/json-server not in flight; fetching
49 verbose get https://registry.npmjs.org/json-server not expired, no request
50 silly addNameTag next cb for json-server with tag latest
51 silly addNamed json-server@0.16.3
52 verbose addNamed "0.16.3" is a plain semver version for json-server
53 silly cache afterAdd json-server@0.16.3
54 verbose afterAdd /home/vawn/.npm/json-server/0.16.3/package/package.json not in flight; writing
55 verbose afterAdd /home/vawn/.npm/json-server/0.16.3/package/package.json written
56 silly fetchNamedPackageData body-parser
57 silly mapToRegistry name body-parser
58 silly mapToRegistry using default registry
59 silly mapToRegistry registry https://registry.npmjs.org/
60 silly mapToRegistry uri https://registry.npmjs.org/body-parser
61 silly fetchNamedPackageData chalk
62 silly mapToRegistry name chalk
63 silly mapToRegistry using default registry
64 silly mapToRegistry registry https://registry.npmjs.org/
65 silly mapToRegistry uri https://registry.npmjs.org/chalk
66 silly fetchNamedPackageData compression
67 silly mapToRegistry name compression
68 silly mapToRegistry using default registry
69 silly mapToRegistry registry https://registry.npmjs.org/
70 silly mapToRegistry uri https://registry.npmjs.org/compression
71 silly fetchNamedPackageData connect-pause
72 silly mapToRegistry name connect-pause
73 silly mapToRegistry using default registry
74 silly mapToRegistry registry https://registry.npmjs.org/
75 silly mapToRegistry uri https://registry.npmjs.org/connect-pause
76 silly fetchNamedPackageData cors
77 silly mapToRegistry name cors
78 silly mapToRegistry using default registry
79 silly mapToRegistry registry https://registry.npmjs.org/
80 silly mapToRegistry uri https://registry.npmjs.org/cors
81 silly fetchNamedPackageData errorhandler
82 silly mapToRegistry name errorhandler
83 silly mapToRegistry using default registry
84 silly mapToRegistry registry https://registry.npmjs.org/
85 silly mapToRegistry uri https://registry.npmjs.org/errorhandler
86 silly fetchNamedPackageData express
87 silly mapToRegistry name express
88 silly mapToRegistry using default registry
89 silly mapToRegistry registry https://registry.npmjs.org/
90 silly mapToRegistry uri https://registry.npmjs.org/express
91 silly fetchNamedPackageData express-urlrewrite
92 silly mapToRegistry name express-urlrewrite
93 silly mapToRegistry using default registry
94 silly mapToRegistry registry https://registry.npmjs.org/
95 silly mapToRegistry uri https://registry.npmjs.org/express-urlrewrite
96 silly fetchNamedPackageData json-parse-helpfulerror
97 silly mapToRegistry name json-parse-helpfulerror
98 silly mapToRegistry using default registry
99 silly mapToRegistry registry https://registry.npmjs.org/
100 silly mapToRegistry uri https://registry.npmjs.org/json-parse-helpfulerror
101 silly fetchNamedPackageData lodash
102 silly mapToRegistry name lodash
103 silly mapToRegistry using default registry
104 silly mapToRegistry registry https://registry.npmjs.org/
105 silly mapToRegistry uri https://registry.npmjs.org/lodash
106 silly fetchNamedPackageData lodash-id
107 silly mapToRegistry name lodash-id
108 silly mapToRegistry using default registry
109 silly mapToRegistry registry https://registry.npmjs.org/
110 silly mapToRegistry uri https://registry.npmjs.org/lodash-id
111 silly fetchNamedPackageData lowdb
112 silly mapToRegistry name lowdb
113 silly mapToRegistry using default registry
114 silly mapToRegistry registry https://registry.npmjs.org/
115 silly mapToRegistry uri https://registry.npmjs.org/lowdb
116 silly fetchNamedPackageData method-override
117 silly mapToRegistry name method-override
118 silly mapToRegistry using default registry
119 silly mapToRegistry registry https://registry.npmjs.org/
120 silly mapToRegistry uri https://registry.npmjs.org/method-override
121 silly fetchNamedPackageData morgan
122 silly mapToRegistry name morgan
123 silly mapToRegistry using default registry
124 silly mapToRegistry registry https://registry.npmjs.org/
125 silly mapToRegistry uri https://registry.npmjs.org/morgan
126 silly fetchNamedPackageData nanoid
127 silly mapToRegistry name nanoid
128 silly mapToRegistry using default registry
129 silly mapToRegistry registry https://registry.npmjs.org/
130 silly mapToRegistry uri https://registry.npmjs.org/nanoid
131 silly fetchNamedPackageData please-upgrade-node
132 silly mapToRegistry name please-upgrade-node
133 silly mapToRegistry using default registry
134 silly mapToRegistry registry https://registry.npmjs.org/
135 silly mapToRegistry uri https://registry.npmjs.org/please-upgrade-node
136 silly fetchNamedPackageData pluralize
137 silly mapToRegistry name pluralize
138 silly mapToRegistry using default registry
139 silly mapToRegistry registry https://registry.npmjs.org/
140 silly mapToRegistry uri https://registry.npmjs.org/pluralize
141 silly fetchNamedPackageData server-destroy
142 silly mapToRegistry name server-destroy
143 silly mapToRegistry using default registry
144 silly mapToRegistry registry https://registry.npmjs.org/
145 silly mapToRegistry uri https://registry.npmjs.org/server-destroy
146 silly fetchNamedPackageData update-notifier
147 silly mapToRegistry name update-notifier
148 silly mapToRegistry using default registry
149 silly mapToRegistry registry https://registry.npmjs.org/
150 silly mapToRegistry uri https://registry.npmjs.org/update-notifier
151 silly fetchNamedPackageData yargs
152 silly mapToRegistry name yargs
153 silly mapToRegistry using default registry
154 silly mapToRegistry registry https://registry.npmjs.org/
155 silly mapToRegistry uri https://registry.npmjs.org/yargs
156 verbose request uri https://registry.npmjs.org/chalk
157 verbose request no auth needed
158 info attempt registry request try #1 at 9:32:18 AM
159 verbose etag W/"ee1019564dc1c941779ddd87d995fd88"
160 verbose lastModified Thu, 11 Feb 2021 00:27:32 GMT
161 http request GET https://registry.npmjs.org/chalk
162 verbose request uri https://registry.npmjs.org/compression
163 verbose request no auth needed
164 info attempt registry request try #1 at 9:32:18 AM
165 verbose etag W/"f7d2ad9a2b003e80b56c8f5722459a23"
166 verbose lastModified Sat, 21 Sep 2019 18:45:08 GMT
167 http request GET https://registry.npmjs.org/compression
168 verbose request uri https://registry.npmjs.org/body-parser
169 verbose request no auth needed
170 info attempt registry request try #1 at 9:32:18 AM
171 verbose etag W/"69165633b8917311c8a5b29b5aa3a438"
172 verbose lastModified Fri, 29 Nov 2019 09:32:45 GMT
173 http request GET https://registry.npmjs.org/body-parser
174 verbose request uri https://registry.npmjs.org/connect-pause
175 verbose request no auth needed
176 info attempt registry request try #1 at 9:32:18 AM
177 verbose etag W/"fa3a284edf3072f31af69939e9dbd171"
178 verbose lastModified Sat, 26 May 2018 20:44:19 GMT
179 http request GET https://registry.npmjs.org/connect-pause
180 verbose request uri https://registry.npmjs.org/cors
181 verbose request no auth needed
182 info attempt registry request try #1 at 9:32:18 AM
183 verbose etag W/"158c1c99bef274f24886ea063ec191c5"
184 verbose lastModified Fri, 22 Jan 2021 21:18:44 GMT
185 http request GET https://registry.npmjs.org/cors
186 verbose request uri https://registry.npmjs.org/errorhandler
187 verbose request no auth needed
188 info attempt registry request try #1 at 9:32:18 AM
189 verbose etag W/"7cb03acd961b28a432a4e8d8d70a568d"
190 verbose lastModified Wed, 19 Jun 2019 19:46:20 GMT
191 http request GET https://registry.npmjs.org/errorhandler
192 verbose request uri https://registry.npmjs.org/express-urlrewrite
193 verbose request no auth needed
194 info attempt registry request try #1 at 9:32:18 AM
195 verbose etag W/"f04903e360170d6dd9011991e5939a11"
196 verbose lastModified Fri, 18 Dec 2020 07:47:10 GMT
197 http request GET https://registry.npmjs.org/express-urlrewrite
198 verbose request uri https://registry.npmjs.org/json-parse-helpfulerror
199 verbose request no auth needed
200 info attempt registry request try #1 at 9:32:18 AM
201 verbose etag W/"185e5fdcd54d038e89a7140a396d4cbd"
202 verbose lastModified Sun, 27 May 2018 05:39:58 GMT
203 http request GET https://registry.npmjs.org/json-parse-helpfulerror
204 verbose request uri https://registry.npmjs.org/express
205 verbose request no auth needed
206 info attempt registry request try #1 at 9:32:18 AM
207 verbose etag W/"24a7bab87ba5ec2c420aa4b9fbd8f2b9"
208 verbose lastModified Sun, 28 Mar 2021 02:24:26 GMT
209 http request GET https://registry.npmjs.org/express
210 verbose request uri https://registry.npmjs.org/lodash-id
211 verbose request no auth needed
212 info attempt registry request try #1 at 9:32:18 AM
213 verbose etag W/"1d9f5f008d35b70d05a51b4fafdbcaae"
214 verbose lastModified Sun, 27 May 2018 06:57:53 GMT
215 http request GET https://registry.npmjs.org/lodash-id
216 verbose request uri https://registry.npmjs.org/lodash
217 verbose request no auth needed
218 info attempt registry request try #1 at 9:32:18 AM
219 verbose etag W/"feaccb6593417fa75b796ade37a40102"
220 verbose lastModified Sun, 28 Mar 2021 02:25:44 GMT
221 http request GET https://registry.npmjs.org/lodash
222 verbose request uri https://registry.npmjs.org/lowdb
223 verbose request no auth needed
224 info attempt registry request try #1 at 9:32:18 AM
225 verbose etag W/"d7ff1b38ef7aab6dc6dcda855fc3506b"
226 verbose lastModified Sat, 07 Dec 2019 11:25:13 GMT
227 http request GET https://registry.npmjs.org/lowdb
228 verbose request uri https://registry.npmjs.org/method-override
229 verbose request no auth needed
230 info attempt registry request try #1 at 9:32:18 AM
231 verbose etag W/"822ef766bf6db56adc2492f68a760e49"
232 verbose lastModified Wed, 19 Jun 2019 19:46:42 GMT
233 http request GET https://registry.npmjs.org/method-override
234 verbose request uri https://registry.npmjs.org/morgan
235 verbose request no auth needed
236 info attempt registry request try #1 at 9:32:18 AM
237 verbose etag W/"f426cc89ff0a3e18d6a5f0ce7c52378e"
238 verbose lastModified Sun, 12 Jul 2020 14:11:04 GMT
239 http request GET https://registry.npmjs.org/morgan
240 verbose request uri https://registry.npmjs.org/nanoid
241 verbose request no auth needed
242 info attempt registry request try #1 at 9:32:18 AM
243 verbose etag W/"4f13e6f5e468789077610df52b4cb01a"
244 verbose lastModified Mon, 15 Mar 2021 14:56:51 GMT
245 http request GET https://registry.npmjs.org/nanoid
246 verbose request uri https://registry.npmjs.org/please-upgrade-node
247 verbose request no auth needed
248 info attempt registry request try #1 at 9:32:18 AM
249 verbose etag W/"6645529e56c3966dd1c6c8430a6f2d7c"
250 verbose lastModified Thu, 08 Aug 2019 12:06:58 GMT
251 http request GET https://registry.npmjs.org/please-upgrade-node
252 verbose request uri https://registry.npmjs.org/pluralize
253 verbose request no auth needed
254 info attempt registry request try #1 at 9:32:18 AM
255 verbose etag W/"ad7d652cf47687e8c02d7f6de5d5fa68"
256 verbose lastModified Sat, 25 May 2019 05:07:02 GMT
257 http request GET https://registry.npmjs.org/pluralize
258 verbose request uri https://registry.npmjs.org/server-destroy
259 verbose request no auth needed
260 info attempt registry request try #1 at 9:32:18 AM
261 verbose etag W/"1fe3c29d2b8c9ee40cb851304a8a5ab3"
262 verbose lastModified Sun, 27 May 2018 17:01:54 GMT
263 http request GET https://registry.npmjs.org/server-destroy
264 verbose request uri https://registry.npmjs.org/update-notifier
265 verbose request no auth needed
266 info attempt registry request try #1 at 9:32:18 AM
267 verbose etag W/"c7857952452880c2ad9b97ea3d45d802"
268 verbose lastModified Thu, 11 Feb 2021 00:49:20 GMT
269 http request GET https://registry.npmjs.org/update-notifier
270 verbose request uri https://registry.npmjs.org/yargs
271 verbose request no auth needed
272 info attempt registry request try #1 at 9:32:18 AM
273 verbose etag W/"73b7e3cca7802a8759dab3bd5bc396c4"
274 verbose lastModified Sun, 04 Apr 2021 03:18:33 GMT
275 http request GET https://registry.npmjs.org/yargs
276 http 304 https://registry.npmjs.org/chalk
277 verbose headers { date: 'Fri, 09 Apr 2021 02:32:18 GMT',
277 verbose headers   connection: 'keep-alive',
277 verbose headers   'set-cookie':
277 verbose headers    [ '__cfduid=d19064c0430755cb944347b16c2bbfa6f1617935538; expires=Sun, 09-May-21 02:32:18 GMT; path=/; domain=.npmjs.org; HttpOnly; SameSite=Lax' ],
277 verbose headers   'cf-ray': '63d052f9ca5bc6dc-SGN',
277 verbose headers   age: '5253',
277 verbose headers   'cache-control': 'public, max-age=300',
277 verbose headers   etag: '"ee1019564dc1c941779ddd87d995fd88"',
277 verbose headers   'last-modified': 'Thu, 11 Feb 2021 00:27:32 GMT',
277 verbose headers   vary: 'Accept-Encoding',
277 verbose headers   'cf-cache-status': 'HIT',
277 verbose headers   'cf-request-id': '095612301b0000c6dc8c31b000000001',
277 verbose headers   'expect-ct': 'max-age=604800, report-uri="https://report-uri.cloudflare.com/cdn-cgi/beacon/expect-ct"',
277 verbose headers   server: 'cloudflare' }
278 silly get cb [ 304,
278 silly get   { date: 'Fri, 09 Apr 2021 02:32:18 GMT',
278 silly get     connection: 'keep-alive',
278 silly get     'set-cookie':
278 silly get      [ '__cfduid=d19064c0430755cb944347b16c2bbfa6f1617935538; expires=Sun, 09-May-21 02:32:18 GMT; path=/; domain=.npmjs.org; HttpOnly; SameSite=Lax' ],
278 silly get     'cf-ray': '63d052f9ca5bc6dc-SGN',
278 silly get     age: '5253',
278 silly get     'cache-control': 'public, max-age=300',
278 silly get     etag: '"ee1019564dc1c941779ddd87d995fd88"',
278 silly get     'last-modified': 'Thu, 11 Feb 2021 00:27:32 GMT',
278 silly get     vary: 'Accept-Encoding',
278 silly get     'cf-cache-status': 'HIT',
278 silly get     'cf-request-id': '095612301b0000c6dc8c31b000000001',
278 silly get     'expect-ct': 'max-age=604800, report-uri="https://report-uri.cloudflare.com/cdn-cgi/beacon/expect-ct"',
278 silly get     server: 'cloudflare' } ]
279 verbose etag https://registry.npmjs.org/chalk from cache
280 verbose get saving chalk to /home/vawn/.npm/registry.npmjs.org/chalk/.cache.json
281 silly resolveWithNewModule chalk@4.1.0 checking installable status
282 silly cache add args [ 'chalk@^4.1.0', null ]
283 verbose cache add spec chalk@^4.1.0
284 silly cache add parsed spec Result {
284 silly cache add   raw: 'chalk@^4.1.0',
284 silly cache add   scope: null,
284 silly cache add   name: 'chalk',
284 silly cache add   rawSpec: '^4.1.0',
284 silly cache add   spec: '>=4.1.0 <5.0.0',
284 silly cache add   type: 'range' }
285 silly addNamed chalk@>=4.1.0 <5.0.0
286 verbose addNamed ">=4.1.0 <5.0.0" is a valid semver range for chalk
287 silly addNameRange { name: 'chalk', range: '>=4.1.0 <5.0.0', hasData: false }
288 silly mapToRegistry name chalk
289 silly mapToRegistry using default registry
290 silly mapToRegistry registry https://registry.npmjs.org/
291 silly mapToRegistry uri https://registry.npmjs.org/chalk
292 verbose addNameRange registry:https://registry.npmjs.org/chalk not in flight; fetching
293 verbose get https://registry.npmjs.org/chalk not expired, no request
294 silly addNameRange number 2 { name: 'chalk', range: '>=4.1.0 <5.0.0', hasData: true }
295 silly addNameRange versions [ 'chalk',
295 silly addNameRange   [ '0.1.0',
295 silly addNameRange     '0.1.1',
295 silly addNameRange     '0.2.0',
295 silly addNameRange     '0.2.1',
295 silly addNameRange     '0.3.0',
295 silly addNameRange     '0.4.0',
295 silly addNameRange     '0.5.0',
295 silly addNameRange     '0.5.1',
295 silly addNameRange     '1.0.0',
295 silly addNameRange     '1.1.0',
295 silly addNameRange     '1.1.1',
295 silly addNameRange     '1.1.2',
295 silly addNameRange     '1.1.3',
295 silly addNameRange     '2.0.0',
295 silly addNameRange     '2.0.1',
295 silly addNameRange     '2.1.0',
295 silly addNameRange     '2.2.0',
295 silly addNameRange     '2.2.2',
295 silly addNameRange     '2.3.0',
295 silly addNameRange     '2.3.1',
295 silly addNameRange     '2.3.2',
295 silly addNameRange     '2.4.0',
295 silly addNameRange     '2.4.1',
295 silly addNameRange     '2.4.2',
295 silly addNameRange     '3.0.0-beta.1',
295 silly addNameRange     '3.0.0-beta.2',
295 silly addNameRange     '3.0.0',
295 silly addNameRange     '4.0.0',
295 silly addNameRange     '4.1.0' ] ]
296 silly addNamed chalk@4.1.0
297 verbose addNamed "4.1.0" is a plain semver version for chalk
298 silly cache afterAdd chalk@4.1.0
299 verbose afterAdd /home/vawn/.npm/chalk/4.1.0/package/package.json not in flight; writing
300 verbose afterAdd /home/vawn/.npm/chalk/4.1.0/package/package.json written
301 http 304 https://registry.npmjs.org/json-parse-helpfulerror
302 verbose headers { date: 'Fri, 09 Apr 2021 02:32:18 GMT',
302 verbose headers   connection: 'keep-alive',
302 verbose headers   'set-cookie':
302 verbose headers    [ '__cfduid=d11fdc814348f937a7787b982f9dfcf7a1617935538; expires=Sun, 09-May-21 02:32:18 GMT; path=/; domain=.npmjs.org; HttpOnly; SameSite=Lax' ],
302 verbose headers   'cf-ray': '63d052fa3996c6e8-SGN',
302 verbose headers   age: '342',
302 verbose headers   'cache-control': 'public, max-age=300',
302 verbose headers   etag: '"185e5fdcd54d038e89a7140a396d4cbd"',
302 verbose headers   'last-modified': 'Sun, 27 May 2018 05:39:58 GMT',
302 verbose headers   vary: 'Accept-Encoding',
302 verbose headers   'cf-cache-status': 'HIT',
302 verbose headers   'cf-request-id': '09561230650000c6e8e9abc000000001',
302 verbose headers   'expect-ct': 'max-age=604800, report-uri="https://report-uri.cloudflare.com/cdn-cgi/beacon/expect-ct"',
302 verbose headers   server: 'cloudflare' }
303 silly get cb [ 304,
303 silly get   { date: 'Fri, 09 Apr 2021 02:32:18 GMT',
303 silly get     connection: 'keep-alive',
303 silly get     'set-cookie':
303 silly get      [ '__cfduid=d11fdc814348f937a7787b982f9dfcf7a1617935538; expires=Sun, 09-May-21 02:32:18 GMT; path=/; domain=.npmjs.org; HttpOnly; SameSite=Lax' ],
303 silly get     'cf-ray': '63d052fa3996c6e8-SGN',
303 silly get     age: '342',
303 silly get     'cache-control': 'public, max-age=300',
303 silly get     etag: '"185e5fdcd54d038e89a7140a396d4cbd"',
303 silly get     'last-modified': 'Sun, 27 May 2018 05:39:58 GMT',
303 silly get     vary: 'Accept-Encoding',
303 silly get     'cf-cache-status': 'HIT',
303 silly get     'cf-request-id': '09561230650000c6e8e9abc000000001',
303 silly get     'expect-ct': 'max-age=604800, report-uri="https://report-uri.cloudflare.com/cdn-cgi/beacon/expect-ct"',
303 silly get     server: 'cloudflare' } ]
304 verbose etag https://registry.npmjs.org/json-parse-helpfulerror from cache
305 verbose get saving json-parse-helpfulerror to /home/vawn/.npm/registry.npmjs.org/json-parse-helpfulerror/.cache.json
306 http 304 https://registry.npmjs.org/express-urlrewrite
307 verbose headers { date: 'Fri, 09 Apr 2021 02:32:18 GMT',
307 verbose headers   connection: 'keep-alive',
307 verbose headers   'set-cookie':
307 verbose headers    [ '__cfduid=db398dbdefc146c58e7313716859db2a61617935538; expires=Sun, 09-May-21 02:32:18 GMT; path=/; domain=.npmjs.org; HttpOnly; SameSite=Lax' ],
307 verbose headers   'cf-ray': '63d052fa3bb9c6f4-SGN',
307 verbose headers   age: '342',
307 verbose headers   'cache-control': 'public, max-age=300',
307 verbose headers   etag: '"f04903e360170d6dd9011991e5939a11"',
307 verbose headers   'last-modified': 'Fri, 18 Dec 2020 07:47:10 GMT',
307 verbose headers   vary: 'Accept-Encoding',
307 verbose headers   'cf-cache-status': 'HIT',
307 verbose headers   'cf-request-id': '09561230650000c6f47cbb8000000001',
307 verbose headers   'expect-ct': 'max-age=604800, report-uri="https://report-uri.cloudflare.com/cdn-cgi/beacon/expect-ct"',
307 verbose headers   server: 'cloudflare' }
308 silly get cb [ 304,
308 silly get   { date: 'Fri, 09 Apr 2021 02:32:18 GMT',
308 silly get     connection: 'keep-alive',
308 silly get     'set-cookie':
308 silly get      [ '__cfduid=db398dbdefc146c58e7313716859db2a61617935538; expires=Sun, 09-May-21 02:32:18 GMT; path=/; domain=.npmjs.org; HttpOnly; SameSite=Lax' ],
308 silly get     'cf-ray': '63d052fa3bb9c6f4-SGN',
308 silly get     age: '342',
308 silly get     'cache-control': 'public, max-age=300',
308 silly get     etag: '"f04903e360170d6dd9011991e5939a11"',
308 silly get     'last-modified': 'Fri, 18 Dec 2020 07:47:10 GMT',
308 silly get     vary: 'Accept-Encoding',
308 silly get     'cf-cache-status': 'HIT',
308 silly get     'cf-request-id': '09561230650000c6f47cbb8000000001',
308 silly get     'expect-ct': 'max-age=604800, report-uri="https://report-uri.cloudflare.com/cdn-cgi/beacon/expect-ct"',
308 silly get     server: 'cloudflare' } ]
309 verbose etag https://registry.npmjs.org/express-urlrewrite from cache
310 verbose get saving express-urlrewrite to /home/vawn/.npm/registry.npmjs.org/express-urlrewrite/.cache.json
311 http 304 https://registry.npmjs.org/compression
312 verbose headers { date: 'Fri, 09 Apr 2021 02:32:18 GMT',
312 verbose headers   connection: 'keep-alive',
312 verbose headers   'set-cookie':
312 verbose headers    [ '__cfduid=d11fdc814348f937a7787b982f9dfcf7a1617935538; expires=Sun, 09-May-21 02:32:18 GMT; path=/; domain=.npmjs.org; HttpOnly; SameSite=Lax' ],
312 verbose headers   'cf-ray': '63d052fa399ac6e8-SGN',
312 verbose headers   age: '2145',
312 verbose headers   'cache-control': 'public, max-age=300',
312 verbose headers   etag: '"f7d2ad9a2b003e80b56c8f5722459a23"',
312 verbose headers   'last-modified': 'Sat, 21 Sep 2019 18:45:08 GMT',
312 verbose headers   vary: 'Accept-Encoding',
312 verbose headers   'cf-cache-status': 'HIT',
312 verbose headers   'cf-request-id': '09561230670000c6e8c32e8000000001',
312 verbose headers   'expect-ct': 'max-age=604800, report-uri="https://report-uri.cloudflare.com/cdn-cgi/beacon/expect-ct"',
312 verbose headers   server: 'cloudflare' }
313 silly get cb [ 304,
313 silly get   { date: 'Fri, 09 Apr 2021 02:32:18 GMT',
313 silly get     connection: 'keep-alive',
313 silly get     'set-cookie':
313 silly get      [ '__cfduid=d11fdc814348f937a7787b982f9dfcf7a1617935538; expires=Sun, 09-May-21 02:32:18 GMT; path=/; domain=.npmjs.org; HttpOnly; SameSite=Lax' ],
313 silly get     'cf-ray': '63d052fa399ac6e8-SGN',
313 silly get     age: '2145',
313 silly get     'cache-control': 'public, max-age=300',
313 silly get     etag: '"f7d2ad9a2b003e80b56c8f5722459a23"',
313 silly get     'last-modified': 'Sat, 21 Sep 2019 18:45:08 GMT',
313 silly get     vary: 'Accept-Encoding',
313 silly get     'cf-cache-status': 'HIT',
313 silly get     'cf-request-id': '09561230670000c6e8c32e8000000001',
313 silly get     'expect-ct': 'max-age=604800, report-uri="https://report-uri.cloudflare.com/cdn-cgi/beacon/expect-ct"',
313 silly get     server: 'cloudflare' } ]
314 verbose etag https://registry.npmjs.org/compression from cache
315 verbose get saving compression to /home/vawn/.npm/registry.npmjs.org/compression/.cache.json
316 http 304 https://registry.npmjs.org/express
317 verbose headers { date: 'Fri, 09 Apr 2021 02:32:18 GMT',
317 verbose headers   connection: 'keep-alive',
317 verbose headers   'set-cookie':
317 verbose headers    [ '__cfduid=db398dbdefc146c58e7313716859db2a61617935538; expires=Sun, 09-May-21 02:32:18 GMT; path=/; domain=.npmjs.org; HttpOnly; SameSite=Lax' ],
317 verbose headers   'cf-ray': '63d052fa3bb3c6f4-SGN',
317 verbose headers   age: '5679',
317 verbose headers   'cache-control': 'public, max-age=300',
317 verbose headers   etag: '"24a7bab87ba5ec2c420aa4b9fbd8f2b9"',
317 verbose headers   'last-modified': 'Sun, 28 Mar 2021 02:24:26 GMT',
317 verbose headers   vary: 'Accept-Encoding',
317 verbose headers   'cf-cache-status': 'HIT',
317 verbose headers   'cf-request-id': '09561230630000c6f4970df000000001',
317 verbose headers   'expect-ct': 'max-age=604800, report-uri="https://report-uri.cloudflare.com/cdn-cgi/beacon/expect-ct"',
317 verbose headers   server: 'cloudflare' }
318 silly get cb [ 304,
318 silly get   { date: 'Fri, 09 Apr 2021 02:32:18 GMT',
318 silly get     connection: 'keep-alive',
318 silly get     'set-cookie':
318 silly get      [ '__cfduid=db398dbdefc146c58e7313716859db2a61617935538; expires=Sun, 09-May-21 02:32:18 GMT; path=/; domain=.npmjs.org; HttpOnly; SameSite=Lax' ],
318 silly get     'cf-ray': '63d052fa3bb3c6f4-SGN',
318 silly get     age: '5679',
318 silly get     'cache-control': 'public, max-age=300',
318 silly get     etag: '"24a7bab87ba5ec2c420aa4b9fbd8f2b9"',
318 silly get     'last-modified': 'Sun, 28 Mar 2021 02:24:26 GMT',
318 silly get     vary: 'Accept-Encoding',
318 silly get     'cf-cache-status': 'HIT',
318 silly get     'cf-request-id': '09561230630000c6f4970df000000001',
318 silly get     'expect-ct': 'max-age=604800, report-uri="https://report-uri.cloudflare.com/cdn-cgi/beacon/expect-ct"',
318 silly get     server: 'cloudflare' } ]
319 verbose etag https://registry.npmjs.org/express from cache
320 verbose get saving express to /home/vawn/.npm/registry.npmjs.org/express/.cache.json
321 http 304 https://registry.npmjs.org/body-parser
322 verbose headers { date: 'Fri, 09 Apr 2021 02:32:18 GMT',
322 verbose headers   connection: 'keep-alive',
322 verbose headers   'set-cookie':
322 verbose headers    [ '__cfduid=d8b11bac6601da4a9bdf5a95b0c33d2031617935538; expires=Sun, 09-May-21 02:32:18 GMT; path=/; domain=.npmjs.org; HttpOnly; SameSite=Lax' ],
322 verbose headers   'cf-ray': '63d052fa3a99c6fc-SGN',
322 verbose headers   age: '5696',
322 verbose headers   'cache-control': 'public, max-age=300',
322 verbose headers   etag: '"69165633b8917311c8a5b29b5aa3a438"',
322 verbose headers   'last-modified': 'Fri, 29 Nov 2019 09:32:45 GMT',
322 verbose headers   vary: 'Accept-Encoding',
322 verbose headers   'cf-cache-status': 'HIT',
322 verbose headers   'cf-request-id': '09561230670000c6fc0d858000000001',
322 verbose headers   'expect-ct': 'max-age=604800, report-uri="https://report-uri.cloudflare.com/cdn-cgi/beacon/expect-ct"',
322 verbose headers   server: 'cloudflare' }
323 silly get cb [ 304,
323 silly get   { date: 'Fri, 09 Apr 2021 02:32:18 GMT',
323 silly get     connection: 'keep-alive',
323 silly get     'set-cookie':
323 silly get      [ '__cfduid=d8b11bac6601da4a9bdf5a95b0c33d2031617935538; expires=Sun, 09-May-21 02:32:18 GMT; path=/; domain=.npmjs.org; HttpOnly; SameSite=Lax' ],
323 silly get     'cf-ray': '63d052fa3a99c6fc-SGN',
323 silly get     age: '5696',
323 silly get     'cache-control': 'public, max-age=300',
323 silly get     etag: '"69165633b8917311c8a5b29b5aa3a438"',
323 silly get     'last-modified': 'Fri, 29 Nov 2019 09:32:45 GMT',
323 silly get     vary: 'Accept-Encoding',
323 silly get     'cf-cache-status': 'HIT',
323 silly get     'cf-request-id': '09561230670000c6fc0d858000000001',
323 silly get     'expect-ct': 'max-age=604800, report-uri="https://report-uri.cloudflare.com/cdn-cgi/beacon/expect-ct"',
323 silly get     server: 'cloudflare' } ]
324 verbose etag https://registry.npmjs.org/body-parser from cache
325 verbose get saving body-parser to /home/vawn/.npm/registry.npmjs.org/body-parser/.cache.json
326 http 304 https://registry.npmjs.org/lodash-id
327 verbose headers { date: 'Fri, 09 Apr 2021 02:32:18 GMT',
327 verbose headers   connection: 'keep-alive',
327 verbose headers   'set-cookie':
327 verbose headers    [ '__cfduid=db398dbdefc146c58e7313716859db2a61617935538; expires=Sun, 09-May-21 02:32:18 GMT; path=/; domain=.npmjs.org; HttpOnly; SameSite=Lax' ],
327 verbose headers   'cf-ray': '63d052fa3bbdc6f4-SGN',
327 verbose headers   age: '342',
327 verbose headers   'cache-control': 'public, max-age=300',
327 verbose headers   etag: '"1d9f5f008d35b70d05a51b4fafdbcaae"',
327 verbose headers   'last-modified': 'Sun, 27 May 2018 06:57:53 GMT',
327 verbose headers   vary: 'Accept-Encoding',
327 verbose headers   'cf-cache-status': 'HIT',
327 verbose headers   'cf-request-id': '09561230650000c6f493921000000001',
327 verbose headers   'expect-ct': 'max-age=604800, report-uri="https://report-uri.cloudflare.com/cdn-cgi/beacon/expect-ct"',
327 verbose headers   server: 'cloudflare' }
328 silly get cb [ 304,
328 silly get   { date: 'Fri, 09 Apr 2021 02:32:18 GMT',
328 silly get     connection: 'keep-alive',
328 silly get     'set-cookie':
328 silly get      [ '__cfduid=db398dbdefc146c58e7313716859db2a61617935538; expires=Sun, 09-May-21 02:32:18 GMT; path=/; domain=.npmjs.org; HttpOnly; SameSite=Lax' ],
328 silly get     'cf-ray': '63d052fa3bbdc6f4-SGN',
328 silly get     age: '342',
328 silly get     'cache-control': 'public, max-age=300',
328 silly get     etag: '"1d9f5f008d35b70d05a51b4fafdbcaae"',
328 silly get     'last-modified': 'Sun, 27 May 2018 06:57:53 GMT',
328 silly get     vary: 'Accept-Encoding',
328 silly get     'cf-cache-status': 'HIT',
328 silly get     'cf-request-id': '09561230650000c6f493921000000001',
328 silly get     'expect-ct': 'max-age=604800, report-uri="https://report-uri.cloudflare.com/cdn-cgi/beacon/expect-ct"',
328 silly get     server: 'cloudflare' } ]
329 verbose etag https://registry.npmjs.org/lodash-id from cache
330 verbose get saving lodash-id to /home/vawn/.npm/registry.npmjs.org/lodash-id/.cache.json
331 http 304 https://registry.npmjs.org/lodash
332 verbose headers { date: 'Fri, 09 Apr 2021 02:32:18 GMT',
332 verbose headers   connection: 'keep-alive',
332 verbose headers   'set-cookie':
332 verbose headers    [ '__cfduid=d9cd6c36d877a72fab8505b787a51b4981617935538; expires=Sun, 09-May-21 02:32:18 GMT; path=/; domain=.npmjs.org; HttpOnly; SameSite=Lax' ],
332 verbose headers   'cf-ray': '63d052fa3f70c6ec-SGN',
332 verbose headers   age: '3003',
332 verbose headers   'cache-control': 'public, max-age=300',
332 verbose headers   etag: '"feaccb6593417fa75b796ade37a40102"',
332 verbose headers   'last-modified': 'Sun, 28 Mar 2021 02:25:44 GMT',
332 verbose headers   vary: 'Accept-Encoding',
332 verbose headers   'cf-cache-status': 'HIT',
332 verbose headers   'cf-request-id': '09561230680000c6ecb0044000000001',
332 verbose headers   'expect-ct': 'max-age=604800, report-uri="https://report-uri.cloudflare.com/cdn-cgi/beacon/expect-ct"',
332 verbose headers   server: 'cloudflare' }
333 silly get cb [ 304,
333 silly get   { date: 'Fri, 09 Apr 2021 02:32:18 GMT',
333 silly get     connection: 'keep-alive',
333 silly get     'set-cookie':
333 silly get      [ '__cfduid=d9cd6c36d877a72fab8505b787a51b4981617935538; expires=Sun, 09-May-21 02:32:18 GMT; path=/; domain=.npmjs.org; HttpOnly; SameSite=Lax' ],
333 silly get     'cf-ray': '63d052fa3f70c6ec-SGN',
333 silly get     age: '3003',
333 silly get     'cache-control': 'public, max-age=300',
333 silly get     etag: '"feaccb6593417fa75b796ade37a40102"',
333 silly get     'last-modified': 'Sun, 28 Mar 2021 02:25:44 GMT',
333 silly get     vary: 'Accept-Encoding',
333 silly get     'cf-cache-status': 'HIT',
333 silly get     'cf-request-id': '09561230680000c6ecb0044000000001',
333 silly get     'expect-ct': 'max-age=604800, report-uri="https://report-uri.cloudflare.com/cdn-cgi/beacon/expect-ct"',
333 silly get     server: 'cloudflare' } ]
334 verbose etag https://registry.npmjs.org/lodash from cache
335 verbose get saving lodash to /home/vawn/.npm/registry.npmjs.org/lodash/.cache.json
336 http 304 https://registry.npmjs.org/lowdb
337 verbose headers { date: 'Fri, 09 Apr 2021 02:32:18 GMT',
337 verbose headers   connection: 'keep-alive',
337 verbose headers   'set-cookie':
337 verbose headers    [ '__cfduid=d4129a1eabf1e8b0c89a29584da7ea1031617935538; expires=Sun, 09-May-21 02:32:18 GMT; path=/; domain=.npmjs.org; HttpOnly; SameSite=Lax' ],
337 verbose headers   'cf-ray': '63d052fa4e75c6f0-SGN',
337 verbose headers   age: '342',
337 verbose headers   'cache-control': 'public, max-age=300',
337 verbose headers   etag: '"d7ff1b38ef7aab6dc6dcda855fc3506b"',
337 verbose headers   'last-modified': 'Sat, 07 Dec 2019 11:25:13 GMT',
337 verbose headers   vary: 'Accept-Encoding',
337 verbose headers   'cf-cache-status': 'HIT',
337 verbose headers   'cf-request-id': '09561230720000c6f07b850000000001',
337 verbose headers   'expect-ct': 'max-age=604800, report-uri="https://report-uri.cloudflare.com/cdn-cgi/beacon/expect-ct"',
337 verbose headers   server: 'cloudflare' }
338 silly get cb [ 304,
338 silly get   { date: 'Fri, 09 Apr 2021 02:32:18 GMT',
338 silly get     connection: 'keep-alive',
338 silly get     'set-cookie':
338 silly get      [ '__cfduid=d4129a1eabf1e8b0c89a29584da7ea1031617935538; expires=Sun, 09-May-21 02:32:18 GMT; path=/; domain=.npmjs.org; HttpOnly; SameSite=Lax' ],
338 silly get     'cf-ray': '63d052fa4e75c6f0-SGN',
338 silly get     age: '342',
338 silly get     'cache-control': 'public, max-age=300',
338 silly get     etag: '"d7ff1b38ef7aab6dc6dcda855fc3506b"',
338 silly get     'last-modified': 'Sat, 07 Dec 2019 11:25:13 GMT',
338 silly get     vary: 'Accept-Encoding',
338 silly get     'cf-cache-status': 'HIT',
338 silly get     'cf-request-id': '09561230720000c6f07b850000000001',
338 silly get     'expect-ct': 'max-age=604800, report-uri="https://report-uri.cloudflare.com/cdn-cgi/beacon/expect-ct"',
338 silly get     server: 'cloudflare' } ]
339 verbose etag https://registry.npmjs.org/lowdb from cache
340 verbose get saving lowdb to /home/vawn/.npm/registry.npmjs.org/lowdb/.cache.json
341 http 304 https://registry.npmjs.org/morgan
342 verbose headers { date: 'Fri, 09 Apr 2021 02:32:18 GMT',
342 verbose headers   connection: 'keep-alive',
342 verbose headers   'set-cookie':
342 verbose headers    [ '__cfduid=d4129a1eabf1e8b0c89a29584da7ea1031617935538; expires=Sun, 09-May-21 02:32:18 GMT; path=/; domain=.npmjs.org; HttpOnly; SameSite=Lax' ],
342 verbose headers   'cf-ray': '63d052fa5e78c6f0-SGN',
342 verbose headers   age: '342',
342 verbose headers   'cache-control': 'public, max-age=300',
342 verbose headers   etag: '"f426cc89ff0a3e18d6a5f0ce7c52378e"',
342 verbose headers   'last-modified': 'Sun, 12 Jul 2020 14:11:04 GMT',
342 verbose headers   vary: 'Accept-Encoding',
342 verbose headers   'cf-cache-status': 'HIT',
342 verbose headers   'cf-request-id': '09561230730000c6f0873a9000000001',
342 verbose headers   'expect-ct': 'max-age=604800, report-uri="https://report-uri.cloudflare.com/cdn-cgi/beacon/expect-ct"',
342 verbose headers   server: 'cloudflare' }
343 silly get cb [ 304,
343 silly get   { date: 'Fri, 09 Apr 2021 02:32:18 GMT',
343 silly get     connection: 'keep-alive',
343 silly get     'set-cookie':
343 silly get      [ '__cfduid=d4129a1eabf1e8b0c89a29584da7ea1031617935538; expires=Sun, 09-May-21 02:32:18 GMT; path=/; domain=.npmjs.org; HttpOnly; SameSite=Lax' ],
343 silly get     'cf-ray': '63d052fa5e78c6f0-SGN',
343 silly get     age: '342',
343 silly get     'cache-control': 'public, max-age=300',
343 silly get     etag: '"f426cc89ff0a3e18d6a5f0ce7c52378e"',
343 silly get     'last-modified': 'Sun, 12 Jul 2020 14:11:04 GMT',
343 silly get     vary: 'Accept-Encoding',
343 silly get     'cf-cache-status': 'HIT',
343 silly get     'cf-request-id': '09561230730000c6f0873a9000000001',
343 silly get     'expect-ct': 'max-age=604800, report-uri="https://report-uri.cloudflare.com/cdn-cgi/beacon/expect-ct"',
343 silly get     server: 'cloudflare' } ]
344 verbose etag https://registry.npmjs.org/morgan from cache
345 verbose get saving morgan to /home/vawn/.npm/registry.npmjs.org/morgan/.cache.json
346 http 304 https://registry.npmjs.org/cors
347 verbose headers { date: 'Fri, 09 Apr 2021 02:32:18 GMT',
347 verbose headers   connection: 'keep-alive',
347 verbose headers   'set-cookie':
347 verbose headers    [ '__cfduid=db398dbdefc146c58e7313716859db2a61617935538; expires=Sun, 09-May-21 02:32:18 GMT; path=/; domain=.npmjs.org; HttpOnly; SameSite=Lax' ],
347 verbose headers   'cf-ray': '63d052fa4bc5c6f4-SGN',
347 verbose headers   age: '5455',
347 verbose headers   'cache-control': 'public, max-age=300',
347 verbose headers   etag: '"158c1c99bef274f24886ea063ec191c5"',
347 verbose headers   'last-modified': 'Fri, 22 Jan 2021 21:18:44 GMT',
347 verbose headers   vary: 'Accept-Encoding',
347 verbose headers   'cf-cache-status': 'HIT',
347 verbose headers   'cf-request-id': '095612306a0000c6f49a15b000000001',
347 verbose headers   'expect-ct': 'max-age=604800, report-uri="https://report-uri.cloudflare.com/cdn-cgi/beacon/expect-ct"',
347 verbose headers   server: 'cloudflare' }
348 silly get cb [ 304,
348 silly get   { date: 'Fri, 09 Apr 2021 02:32:18 GMT',
348 silly get     connection: 'keep-alive',
348 silly get     'set-cookie':
348 silly get      [ '__cfduid=db398dbdefc146c58e7313716859db2a61617935538; expires=Sun, 09-May-21 02:32:18 GMT; path=/; domain=.npmjs.org; HttpOnly; SameSite=Lax' ],
348 silly get     'cf-ray': '63d052fa4bc5c6f4-SGN',
348 silly get     age: '5455',
348 silly get     'cache-control': 'public, max-age=300',
348 silly get     etag: '"158c1c99bef274f24886ea063ec191c5"',
348 silly get     'last-modified': 'Fri, 22 Jan 2021 21:18:44 GMT',
348 silly get     vary: 'Accept-Encoding',
348 silly get     'cf-cache-status': 'HIT',
348 silly get     'cf-request-id': '095612306a0000c6f49a15b000000001',
348 silly get     'expect-ct': 'max-age=604800, report-uri="https://report-uri.cloudflare.com/cdn-cgi/beacon/expect-ct"',
348 silly get     server: 'cloudflare' } ]
349 verbose etag https://registry.npmjs.org/cors from cache
350 verbose get saving cors to /home/vawn/.npm/registry.npmjs.org/cors/.cache.json
351 http 304 https://registry.npmjs.org/yargs
352 verbose headers { date: 'Fri, 09 Apr 2021 02:32:18 GMT',
352 verbose headers   connection: 'keep-alive',
352 verbose headers   'set-cookie':
352 verbose headers    [ '__cfduid=d19064c0430755cb944347b16c2bbfa6f1617935538; expires=Sun, 09-May-21 02:32:18 GMT; path=/; domain=.npmjs.org; HttpOnly; SameSite=Lax' ],
352 verbose headers   'cf-ray': '63d052fa5adfc6dc-SGN',
352 verbose headers   age: '2182',
352 verbose headers   'cache-control': 'public, max-age=300',
352 verbose headers   etag: '"73b7e3cca7802a8759dab3bd5bc396c4"',
352 verbose headers   'last-modified': 'Sun, 04 Apr 2021 03:18:33 GMT',
352 verbose headers   vary: 'Accept-Encoding',
352 verbose headers   'cf-cache-status': 'HIT',
352 verbose headers   'cf-request-id': '09561230780000c6dc8f3e5000000001',
352 verbose headers   'expect-ct': 'max-age=604800, report-uri="https://report-uri.cloudflare.com/cdn-cgi/beacon/expect-ct"',
352 verbose headers   server: 'cloudflare' }
353 silly get cb [ 304,
353 silly get   { date: 'Fri, 09 Apr 2021 02:32:18 GMT',
353 silly get     connection: 'keep-alive',
353 silly get     'set-cookie':
353 silly get      [ '__cfduid=d19064c0430755cb944347b16c2bbfa6f1617935538; expires=Sun, 09-May-21 02:32:18 GMT; path=/; domain=.npmjs.org; HttpOnly; SameSite=Lax' ],
353 silly get     'cf-ray': '63d052fa5adfc6dc-SGN',
353 silly get     age: '2182',
353 silly get     'cache-control': 'public, max-age=300',
353 silly get     etag: '"73b7e3cca7802a8759dab3bd5bc396c4"',
353 silly get     'last-modified': 'Sun, 04 Apr 2021 03:18:33 GMT',
353 silly get     vary: 'Accept-Encoding',
353 silly get     'cf-cache-status': 'HIT',
353 silly get     'cf-request-id': '09561230780000c6dc8f3e5000000001',
353 silly get     'expect-ct': 'max-age=604800, report-uri="https://report-uri.cloudflare.com/cdn-cgi/beacon/expect-ct"',
353 silly get     server: 'cloudflare' } ]
354 verbose etag https://registry.npmjs.org/yargs from cache
355 verbose get saving yargs to /home/vawn/.npm/registry.npmjs.org/yargs/.cache.json
356 http 304 https://registry.npmjs.org/errorhandler
357 verbose headers { date: 'Fri, 09 Apr 2021 02:32:18 GMT',
357 verbose headers   connection: 'keep-alive',
357 verbose headers   'set-cookie':
357 verbose headers    [ '__cfduid=d19064c0430755cb944347b16c2bbfa6f1617935538; expires=Sun, 09-May-21 02:32:18 GMT; path=/; domain=.npmjs.org; HttpOnly; SameSite=Lax' ],
357 verbose headers   'cf-ray': '63d052fa3ac4c6dc-SGN',
357 verbose headers   age: '342',
357 verbose headers   'cache-control': 'public, max-age=300',
357 verbose headers   etag: '"7cb03acd961b28a432a4e8d8d70a568d"',
357 verbose headers   'last-modified': 'Wed, 19 Jun 2019 19:46:20 GMT',
357 verbose headers   vary: 'Accept-Encoding',
357 verbose headers   'cf-cache-status': 'HIT',
357 verbose headers   'cf-request-id': '09561230670000c6dc9d9ac000000001',
357 verbose headers   'expect-ct': 'max-age=604800, report-uri="https://report-uri.cloudflare.com/cdn-cgi/beacon/expect-ct"',
357 verbose headers   server: 'cloudflare' }
358 silly get cb [ 304,
358 silly get   { date: 'Fri, 09 Apr 2021 02:32:18 GMT',
358 silly get     connection: 'keep-alive',
358 silly get     'set-cookie':
358 silly get      [ '__cfduid=d19064c0430755cb944347b16c2bbfa6f1617935538; expires=Sun, 09-May-21 02:32:18 GMT; path=/; domain=.npmjs.org; HttpOnly; SameSite=Lax' ],
358 silly get     'cf-ray': '63d052fa3ac4c6dc-SGN',
358 silly get     age: '342',
358 silly get     'cache-control': 'public, max-age=300',
358 silly get     etag: '"7cb03acd961b28a432a4e8d8d70a568d"',
358 silly get     'last-modified': 'Wed, 19 Jun 2019 19:46:20 GMT',
358 silly get     vary: 'Accept-Encoding',
358 silly get     'cf-cache-status': 'HIT',
358 silly get     'cf-request-id': '09561230670000c6dc9d9ac000000001',
358 silly get     'expect-ct': 'max-age=604800, report-uri="https://report-uri.cloudflare.com/cdn-cgi/beacon/expect-ct"',
358 silly get     server: 'cloudflare' } ]
359 verbose etag https://registry.npmjs.org/errorhandler from cache
360 verbose get saving errorhandler to /home/vawn/.npm/registry.npmjs.org/errorhandler/.cache.json
361 http 304 https://registry.npmjs.org/nanoid
362 verbose headers { date: 'Fri, 09 Apr 2021 02:32:18 GMT',
362 verbose headers   connection: 'keep-alive',
362 verbose headers   'set-cookie':
362 verbose headers    [ '__cfduid=dc006fe7b1e0755bd53a0de919313cf6d1617935538; expires=Sun, 09-May-21 02:32:18 GMT; path=/; domain=.npmjs.org; HttpOnly; SameSite=Lax' ],
362 verbose headers   'cf-ray': '63d052fa5ae7d054-SGN',
362 verbose headers   age: '2154',
362 verbose headers   'cache-control': 'public, max-age=300',
362 verbose headers   etag: '"4f13e6f5e468789077610df52b4cb01a"',
362 verbose headers   'last-modified': 'Mon, 15 Mar 2021 14:56:51 GMT',
362 verbose headers   vary: 'Accept-Encoding',
362 verbose headers   'cf-cache-status': 'HIT',
362 verbose headers   'cf-request-id': '095612307a0000d05442165000000001',
362 verbose headers   'expect-ct': 'max-age=604800, report-uri="https://report-uri.cloudflare.com/cdn-cgi/beacon/expect-ct"',
362 verbose headers   server: 'cloudflare' }
363 silly get cb [ 304,
363 silly get   { date: 'Fri, 09 Apr 2021 02:32:18 GMT',
363 silly get     connection: 'keep-alive',
363 silly get     'set-cookie':
363 silly get      [ '__cfduid=dc006fe7b1e0755bd53a0de919313cf6d1617935538; expires=Sun, 09-May-21 02:32:18 GMT; path=/; domain=.npmjs.org; HttpOnly; SameSite=Lax' ],
363 silly get     'cf-ray': '63d052fa5ae7d054-SGN',
363 silly get     age: '2154',
363 silly get     'cache-control': 'public, max-age=300',
363 silly get     etag: '"4f13e6f5e468789077610df52b4cb01a"',
363 silly get     'last-modified': 'Mon, 15 Mar 2021 14:56:51 GMT',
363 silly get     vary: 'Accept-Encoding',
363 silly get     'cf-cache-status': 'HIT',
363 silly get     'cf-request-id': '095612307a0000d05442165000000001',
363 silly get     'expect-ct': 'max-age=604800, report-uri="https://report-uri.cloudflare.com/cdn-cgi/beacon/expect-ct"',
363 silly get     server: 'cloudflare' } ]
364 verbose etag https://registry.npmjs.org/nanoid from cache
365 verbose get saving nanoid to /home/vawn/.npm/registry.npmjs.org/nanoid/.cache.json
366 http 304 https://registry.npmjs.org/update-notifier
367 verbose headers { date: 'Fri, 09 Apr 2021 02:32:18 GMT',
367 verbose headers   connection: 'keep-alive',
367 verbose headers   'set-cookie':
367 verbose headers    [ '__cfduid=dc006fe7b1e0755bd53a0de919313cf6d1617935538; expires=Sun, 09-May-21 02:32:18 GMT; path=/; domain=.npmjs.org; HttpOnly; SameSite=Lax' ],
367 verbose headers   'cf-ray': '63d052fa5ae4d054-SGN',
367 verbose headers   age: '342',
367 verbose headers   'cache-control': 'public, max-age=300',
367 verbose headers   etag: '"c7857952452880c2ad9b97ea3d45d802"',
367 verbose headers   'last-modified': 'Thu, 11 Feb 2021 00:49:20 GMT',
367 verbose headers   vary: 'Accept-Encoding',
367 verbose headers   'cf-cache-status': 'HIT',
367 verbose headers   'cf-request-id': '09561230780000d0542436a000000001',
367 verbose headers   'expect-ct': 'max-age=604800, report-uri="https://report-uri.cloudflare.com/cdn-cgi/beacon/expect-ct"',
367 verbose headers   server: 'cloudflare' }
368 silly get cb [ 304,
368 silly get   { date: 'Fri, 09 Apr 2021 02:32:18 GMT',
368 silly get     connection: 'keep-alive',
368 silly get     'set-cookie':
368 silly get      [ '__cfduid=dc006fe7b1e0755bd53a0de919313cf6d1617935538; expires=Sun, 09-May-21 02:32:18 GMT; path=/; domain=.npmjs.org; HttpOnly; SameSite=Lax' ],
368 silly get     'cf-ray': '63d052fa5ae4d054-SGN',
368 silly get     age: '342',
368 silly get     'cache-control': 'public, max-age=300',
368 silly get     etag: '"c7857952452880c2ad9b97ea3d45d802"',
368 silly get     'last-modified': 'Thu, 11 Feb 2021 00:49:20 GMT',
368 silly get     vary: 'Accept-Encoding',
368 silly get     'cf-cache-status': 'HIT',
368 silly get     'cf-request-id': '09561230780000d0542436a000000001',
368 silly get     'expect-ct': 'max-age=604800, report-uri="https://report-uri.cloudflare.com/cdn-cgi/beacon/expect-ct"',
368 silly get     server: 'cloudflare' } ]
369 verbose etag https://registry.npmjs.org/update-notifier from cache
370 verbose get saving update-notifier to /home/vawn/.npm/registry.npmjs.org/update-notifier/.cache.json
371 http 304 https://registry.npmjs.org/please-upgrade-node
372 verbose headers { date: 'Fri, 09 Apr 2021 02:32:18 GMT',
372 verbose headers   connection: 'keep-alive',
372 verbose headers   'set-cookie':
372 verbose headers    [ '__cfduid=db398dbdefc146c58e7313716859db2a61617935538; expires=Sun, 09-May-21 02:32:18 GMT; path=/; domain=.npmjs.org; HttpOnly; SameSite=Lax' ],
372 verbose headers   'cf-ray': '63d052fa5be0c6f4-SGN',
372 verbose headers   age: '2988',
372 verbose headers   'cache-control': 'public, max-age=300',
372 verbose headers   etag: '"6645529e56c3966dd1c6c8430a6f2d7c"',
372 verbose headers   'last-modified': 'Thu, 08 Aug 2019 12:06:58 GMT',
372 verbose headers   vary: 'Accept-Encoding',
372 verbose headers   'cf-cache-status': 'HIT',
372 verbose headers   'cf-request-id': '095612307b0000c6f465a81000000001',
372 verbose headers   'expect-ct': 'max-age=604800, report-uri="https://report-uri.cloudflare.com/cdn-cgi/beacon/expect-ct"',
372 verbose headers   server: 'cloudflare' }
373 silly get cb [ 304,
373 silly get   { date: 'Fri, 09 Apr 2021 02:32:18 GMT',
373 silly get     connection: 'keep-alive',
373 silly get     'set-cookie':
373 silly get      [ '__cfduid=db398dbdefc146c58e7313716859db2a61617935538; expires=Sun, 09-May-21 02:32:18 GMT; path=/; domain=.npmjs.org; HttpOnly; SameSite=Lax' ],
373 silly get     'cf-ray': '63d052fa5be0c6f4-SGN',
373 silly get     age: '2988',
373 silly get     'cache-control': 'public, max-age=300',
373 silly get     etag: '"6645529e56c3966dd1c6c8430a6f2d7c"',
373 silly get     'last-modified': 'Thu, 08 Aug 2019 12:06:58 GMT',
373 silly get     vary: 'Accept-Encoding',
373 silly get     'cf-cache-status': 'HIT',
373 silly get     'cf-request-id': '095612307b0000c6f465a81000000001',
373 silly get     'expect-ct': 'max-age=604800, report-uri="https://report-uri.cloudflare.com/cdn-cgi/beacon/expect-ct"',
373 silly get     server: 'cloudflare' } ]
374 verbose etag https://registry.npmjs.org/please-upgrade-node from cache
375 verbose get saving please-upgrade-node to /home/vawn/.npm/registry.npmjs.org/please-upgrade-node/.cache.json
376 http 304 https://registry.npmjs.org/server-destroy
377 verbose headers { date: 'Fri, 09 Apr 2021 02:32:18 GMT',
377 verbose headers   connection: 'keep-alive',
377 verbose headers   'set-cookie':
377 verbose headers    [ '__cfduid=d7fbb8d226fb422877750e302a547006b1617935538; expires=Sun, 09-May-21 02:32:18 GMT; path=/; domain=.npmjs.org; HttpOnly; SameSite=Lax' ],
377 verbose headers   'cf-ray': '63d052fa5dbcc700-SGN',
377 verbose headers   age: '342',
377 verbose headers   'cache-control': 'public, max-age=300',
377 verbose headers   etag: '"1fe3c29d2b8c9ee40cb851304a8a5ab3"',
377 verbose headers   'last-modified': 'Sun, 27 May 2018 17:01:54 GMT',
377 verbose headers   vary: 'Accept-Encoding',
377 verbose headers   'cf-cache-status': 'HIT',
377 verbose headers   'cf-request-id': '095612307c0000c700878e5000000001',
377 verbose headers   'expect-ct': 'max-age=604800, report-uri="https://report-uri.cloudflare.com/cdn-cgi/beacon/expect-ct"',
377 verbose headers   server: 'cloudflare' }
378 silly get cb [ 304,
378 silly get   { date: 'Fri, 09 Apr 2021 02:32:18 GMT',
378 silly get     connection: 'keep-alive',
378 silly get     'set-cookie':
378 silly get      [ '__cfduid=d7fbb8d226fb422877750e302a547006b1617935538; expires=Sun, 09-May-21 02:32:18 GMT; path=/; domain=.npmjs.org; HttpOnly; SameSite=Lax' ],
378 silly get     'cf-ray': '63d052fa5dbcc700-SGN',
378 silly get     age: '342',
378 silly get     'cache-control': 'public, max-age=300',
378 silly get     etag: '"1fe3c29d2b8c9ee40cb851304a8a5ab3"',
378 silly get     'last-modified': 'Sun, 27 May 2018 17:01:54 GMT',
378 silly get     vary: 'Accept-Encoding',
378 silly get     'cf-cache-status': 'HIT',
378 silly get     'cf-request-id': '095612307c0000c700878e5000000001',
378 silly get     'expect-ct': 'max-age=604800, report-uri="https://report-uri.cloudflare.com/cdn-cgi/beacon/expect-ct"',
378 silly get     server: 'cloudflare' } ]
379 verbose etag https://registry.npmjs.org/server-destroy from cache
380 verbose get saving server-destroy to /home/vawn/.npm/registry.npmjs.org/server-destroy/.cache.json
381 http 304 https://registry.npmjs.org/pluralize
382 verbose headers { date: 'Fri, 09 Apr 2021 02:32:18 GMT',
382 verbose headers   connection: 'keep-alive',
382 verbose headers   'set-cookie':
382 verbose headers    [ '__cfduid=d3162cd01c9a830170b46bed8294e79851617935538; expires=Sun, 09-May-21 02:32:18 GMT; path=/; domain=.npmjs.org; HttpOnly; SameSite=Lax' ],
382 verbose headers   'cf-ray': '63d052fa5ca4c6f8-SGN',
382 verbose headers   age: '342',
382 verbose headers   'cache-control': 'public, max-age=300',
382 verbose headers   etag: '"ad7d652cf47687e8c02d7f6de5d5fa68"',
382 verbose headers   'last-modified': 'Sat, 25 May 2019 05:07:02 GMT',
382 verbose headers   vary: 'Accept-Encoding',
382 verbose headers   'cf-cache-status': 'HIT',
382 verbose headers   'cf-request-id': '09561230780000c6f8e9893000000001',
382 verbose headers   'expect-ct': 'max-age=604800, report-uri="https://report-uri.cloudflare.com/cdn-cgi/beacon/expect-ct"',
382 verbose headers   server: 'cloudflare' }
383 silly get cb [ 304,
383 silly get   { date: 'Fri, 09 Apr 2021 02:32:18 GMT',
383 silly get     connection: 'keep-alive',
383 silly get     'set-cookie':
383 silly get      [ '__cfduid=d3162cd01c9a830170b46bed8294e79851617935538; expires=Sun, 09-May-21 02:32:18 GMT; path=/; domain=.npmjs.org; HttpOnly; SameSite=Lax' ],
383 silly get     'cf-ray': '63d052fa5ca4c6f8-SGN',
383 silly get     age: '342',
383 silly get     'cache-control': 'public, max-age=300',
383 silly get     etag: '"ad7d652cf47687e8c02d7f6de5d5fa68"',
383 silly get     'last-modified': 'Sat, 25 May 2019 05:07:02 GMT',
383 silly get     vary: 'Accept-Encoding',
383 silly get     'cf-cache-status': 'HIT',
383 silly get     'cf-request-id': '09561230780000c6f8e9893000000001',
383 silly get     'expect-ct': 'max-age=604800, report-uri="https://report-uri.cloudflare.com/cdn-cgi/beacon/expect-ct"',
383 silly get     server: 'cloudflare' } ]
384 verbose etag https://registry.npmjs.org/pluralize from cache
385 verbose get saving pluralize to /home/vawn/.npm/registry.npmjs.org/pluralize/.cache.json
386 silly resolveWithNewModule compression@1.7.4 checking installable status
387 silly cache add args [ 'compression@^1.7.4', null ]
388 verbose cache add spec compression@^1.7.4
389 silly cache add parsed spec Result {
389 silly cache add   raw: 'compression@^1.7.4',
389 silly cache add   scope: null,
389 silly cache add   name: 'compression',
389 silly cache add   rawSpec: '^1.7.4',
389 silly cache add   spec: '>=1.7.4 <2.0.0',
389 silly cache add   type: 'range' }
390 silly addNamed compression@>=1.7.4 <2.0.0
391 verbose addNamed ">=1.7.4 <2.0.0" is a valid semver range for compression
392 silly addNameRange { name: 'compression', range: '>=1.7.4 <2.0.0', hasData: false }
393 silly mapToRegistry name compression
394 silly mapToRegistry using default registry
395 silly mapToRegistry registry https://registry.npmjs.org/
396 silly mapToRegistry uri https://registry.npmjs.org/compression
397 verbose addNameRange registry:https://registry.npmjs.org/compression not in flight; fetching
398 silly resolveWithNewModule json-parse-helpfulerror@1.0.3 checking installable status
399 silly cache add args [ 'json-parse-helpfulerror@^1.0.3', null ]
400 verbose cache add spec json-parse-helpfulerror@^1.0.3
401 silly cache add parsed spec Result {
401 silly cache add   raw: 'json-parse-helpfulerror@^1.0.3',
401 silly cache add   scope: null,
401 silly cache add   name: 'json-parse-helpfulerror',
401 silly cache add   rawSpec: '^1.0.3',
401 silly cache add   spec: '>=1.0.3 <2.0.0',
401 silly cache add   type: 'range' }
402 silly addNamed json-parse-helpfulerror@>=1.0.3 <2.0.0
403 verbose addNamed ">=1.0.3 <2.0.0" is a valid semver range for json-parse-helpfulerror
404 silly addNameRange { name: 'json-parse-helpfulerror',
404 silly addNameRange   range: '>=1.0.3 <2.0.0',
404 silly addNameRange   hasData: false }
405 silly mapToRegistry name json-parse-helpfulerror
406 silly mapToRegistry using default registry
407 silly mapToRegistry registry https://registry.npmjs.org/
408 silly mapToRegistry uri https://registry.npmjs.org/json-parse-helpfulerror
409 verbose addNameRange registry:https://registry.npmjs.org/json-parse-helpfulerror not in flight; fetching
410 silly resolveWithNewModule express-urlrewrite@1.4.0 checking installable status
411 silly cache add args [ 'express-urlrewrite@^1.3.0', null ]
412 verbose cache add spec express-urlrewrite@^1.3.0
413 silly cache add parsed spec Result {
413 silly cache add   raw: 'express-urlrewrite@^1.3.0',
413 silly cache add   scope: null,
413 silly cache add   name: 'express-urlrewrite',
413 silly cache add   rawSpec: '^1.3.0',
413 silly cache add   spec: '>=1.3.0 <2.0.0',
413 silly cache add   type: 'range' }
414 silly addNamed express-urlrewrite@>=1.3.0 <2.0.0
415 verbose addNamed ">=1.3.0 <2.0.0" is a valid semver range for express-urlrewrite
416 silly addNameRange { name: 'express-urlrewrite',
416 silly addNameRange   range: '>=1.3.0 <2.0.0',
416 silly addNameRange   hasData: false }
417 silly mapToRegistry name express-urlrewrite
418 silly mapToRegistry using default registry
419 silly mapToRegistry registry https://registry.npmjs.org/
420 silly mapToRegistry uri https://registry.npmjs.org/express-urlrewrite
421 verbose addNameRange registry:https://registry.npmjs.org/express-urlrewrite not in flight; fetching
422 http 304 https://registry.npmjs.org/method-override
423 verbose headers { date: 'Fri, 09 Apr 2021 02:32:18 GMT',
423 verbose headers   connection: 'keep-alive',
423 verbose headers   'set-cookie':
423 verbose headers    [ '__cfduid=d5eb284815dccd9c1a2178c1b6341a3841617935538; expires=Sun, 09-May-21 02:32:18 GMT; path=/; domain=.npmjs.org; HttpOnly; SameSite=Lax' ],
423 verbose headers   'cf-ray': '63d052fa5e09d05c-SGN',
423 verbose headers   age: '342',
423 verbose headers   'cache-control': 'public, max-age=300',
423 verbose headers   etag: '"822ef766bf6db56adc2492f68a760e49"',
423 verbose headers   'last-modified': 'Wed, 19 Jun 2019 19:46:42 GMT',
423 verbose headers   vary: 'Accept-Encoding',
423 verbose headers   'cf-cache-status': 'HIT',
423 verbose headers   'cf-request-id': '095612307c0000d05c578cc000000001',
423 verbose headers   'expect-ct': 'max-age=604800, report-uri="https://report-uri.cloudflare.com/cdn-cgi/beacon/expect-ct"',
423 verbose headers   server: 'cloudflare' }
424 silly get cb [ 304,
424 silly get   { date: 'Fri, 09 Apr 2021 02:32:18 GMT',
424 silly get     connection: 'keep-alive',
424 silly get     'set-cookie':
424 silly get      [ '__cfduid=d5eb284815dccd9c1a2178c1b6341a3841617935538; expires=Sun, 09-May-21 02:32:18 GMT; path=/; domain=.npmjs.org; HttpOnly; SameSite=Lax' ],
424 silly get     'cf-ray': '63d052fa5e09d05c-SGN',
424 silly get     age: '342',
424 silly get     'cache-control': 'public, max-age=300',
424 silly get     etag: '"822ef766bf6db56adc2492f68a760e49"',
424 silly get     'last-modified': 'Wed, 19 Jun 2019 19:46:42 GMT',
424 silly get     vary: 'Accept-Encoding',
424 silly get     'cf-cache-status': 'HIT',
424 silly get     'cf-request-id': '095612307c0000d05c578cc000000001',
424 silly get     'expect-ct': 'max-age=604800, report-uri="https://report-uri.cloudflare.com/cdn-cgi/beacon/expect-ct"',
424 silly get     server: 'cloudflare' } ]
425 verbose etag https://registry.npmjs.org/method-override from cache
426 verbose get saving method-override to /home/vawn/.npm/registry.npmjs.org/method-override/.cache.json
427 silly resolveWithNewModule body-parser@1.19.0 checking installable status
428 silly cache add args [ 'body-parser@^1.19.0', null ]
429 verbose cache add spec body-parser@^1.19.0
430 silly cache add parsed spec Result {
430 silly cache add   raw: 'body-parser@^1.19.0',
430 silly cache add   scope: null,
430 silly cache add   name: 'body-parser',
430 silly cache add   rawSpec: '^1.19.0',
430 silly cache add   spec: '>=1.19.0 <2.0.0',
430 silly cache add   type: 'range' }
431 silly addNamed body-parser@>=1.19.0 <2.0.0
432 verbose addNamed ">=1.19.0 <2.0.0" is a valid semver range for body-parser
433 silly addNameRange { name: 'body-parser', range: '>=1.19.0 <2.0.0', hasData: false }
434 silly mapToRegistry name body-parser
435 silly mapToRegistry using default registry
436 silly mapToRegistry registry https://registry.npmjs.org/
437 silly mapToRegistry uri https://registry.npmjs.org/body-parser
438 verbose addNameRange registry:https://registry.npmjs.org/body-parser not in flight; fetching
439 silly resolveWithNewModule express@4.17.1 checking installable status
440 silly cache add args [ 'express@^4.17.1', null ]
441 verbose cache add spec express@^4.17.1
442 silly cache add parsed spec Result {
442 silly cache add   raw: 'express@^4.17.1',
442 silly cache add   scope: null,
442 silly cache add   name: 'express',
442 silly cache add   rawSpec: '^4.17.1',
442 silly cache add   spec: '>=4.17.1 <5.0.0',
442 silly cache add   type: 'range' }
443 silly addNamed express@>=4.17.1 <5.0.0
444 verbose addNamed ">=4.17.1 <5.0.0" is a valid semver range for express
445 silly addNameRange { name: 'express', range: '>=4.17.1 <5.0.0', hasData: false }
446 silly mapToRegistry name express
447 silly mapToRegistry using default registry
448 silly mapToRegistry registry https://registry.npmjs.org/
449 silly mapToRegistry uri https://registry.npmjs.org/express
450 verbose addNameRange registry:https://registry.npmjs.org/express not in flight; fetching
451 silly resolveWithNewModule lodash-id@0.14.0 checking installable status
452 silly cache add args [ 'lodash-id@^0.14.0', null ]
453 verbose cache add spec lodash-id@^0.14.0
454 silly cache add parsed spec Result {
454 silly cache add   raw: 'lodash-id@^0.14.0',
454 silly cache add   scope: null,
454 silly cache add   name: 'lodash-id',
454 silly cache add   rawSpec: '^0.14.0',
454 silly cache add   spec: '>=0.14.0 <0.15.0',
454 silly cache add   type: 'range' }
455 silly addNamed lodash-id@>=0.14.0 <0.15.0
456 verbose addNamed ">=0.14.0 <0.15.0" is a valid semver range for lodash-id
457 silly addNameRange { name: 'lodash-id', range: '>=0.14.0 <0.15.0', hasData: false }
458 silly mapToRegistry name lodash-id
459 silly mapToRegistry using default registry
460 silly mapToRegistry registry https://registry.npmjs.org/
461 silly mapToRegistry uri https://registry.npmjs.org/lodash-id
462 verbose addNameRange registry:https://registry.npmjs.org/lodash-id not in flight; fetching
463 silly resolveWithNewModule lodash@4.17.21 checking installable status
464 silly cache add args [ 'lodash@^4.17.20', null ]
465 verbose cache add spec lodash@^4.17.20
466 silly cache add parsed spec Result {
466 silly cache add   raw: 'lodash@^4.17.20',
466 silly cache add   scope: null,
466 silly cache add   name: 'lodash',
466 silly cache add   rawSpec: '^4.17.20',
466 silly cache add   spec: '>=4.17.20 <5.0.0',
466 silly cache add   type: 'range' }
467 silly addNamed lodash@>=4.17.20 <5.0.0
468 verbose addNamed ">=4.17.20 <5.0.0" is a valid semver range for lodash
469 silly addNameRange { name: 'lodash', range: '>=4.17.20 <5.0.0', hasData: false }
470 silly mapToRegistry name lodash
471 silly mapToRegistry using default registry
472 silly mapToRegistry registry https://registry.npmjs.org/
473 silly mapToRegistry uri https://registry.npmjs.org/lodash
474 verbose addNameRange registry:https://registry.npmjs.org/lodash not in flight; fetching
475 silly resolveWithNewModule lowdb@1.0.0 checking installable status
476 silly cache add args [ 'lowdb@^1.0.0', null ]
477 verbose cache add spec lowdb@^1.0.0
478 silly cache add parsed spec Result {
478 silly cache add   raw: 'lowdb@^1.0.0',
478 silly cache add   scope: null,
478 silly cache add   name: 'lowdb',
478 silly cache add   rawSpec: '^1.0.0',
478 silly cache add   spec: '>=1.0.0 <2.0.0',
478 silly cache add   type: 'range' }
479 silly addNamed lowdb@>=1.0.0 <2.0.0
480 verbose addNamed ">=1.0.0 <2.0.0" is a valid semver range for lowdb
481 silly addNameRange { name: 'lowdb', range: '>=1.0.0 <2.0.0', hasData: false }
482 silly mapToRegistry name lowdb
483 silly mapToRegistry using default registry
484 silly mapToRegistry registry https://registry.npmjs.org/
485 silly mapToRegistry uri https://registry.npmjs.org/lowdb
486 verbose addNameRange registry:https://registry.npmjs.org/lowdb not in flight; fetching
487 verbose get https://registry.npmjs.org/compression not expired, no request
488 silly addNameRange number 2 { name: 'compression', range: '>=1.7.4 <2.0.0', hasData: true }
489 silly addNameRange versions [ 'compression',
489 silly addNameRange   [ '1.0.0',
489 silly addNameRange     '1.0.1',
489 silly addNameRange     '1.0.2',
489 silly addNameRange     '1.0.3',
489 silly addNameRange     '1.0.4',
489 silly addNameRange     '1.0.5',
489 silly addNameRange     '1.0.6',
489 silly addNameRange     '1.0.7',
489 silly addNameRange     '1.0.8',
489 silly addNameRange     '1.0.9',
489 silly addNameRange     '1.0.10',
489 silly addNameRange     '1.0.11',
489 silly addNameRange     '1.1.0',
489 silly addNameRange     '1.1.1',
489 silly addNameRange     '1.1.2',
489 silly addNameRange     '1.2.0',
489 silly addNameRange     '1.2.1',
489 silly addNameRange     '1.2.2',
489 silly addNameRange     '1.3.0',
489 silly addNameRange     '1.3.1',
489 silly addNameRange     '1.4.0',
489 silly addNameRange     '1.4.1',
489 silly addNameRange     '1.4.2',
489 silly addNameRange     '1.4.3',
489 silly addNameRange     '1.4.4',
489 silly addNameRange     '1.5.0',
489 silly addNameRange     '1.5.1',
489 silly addNameRange     '1.5.2',
489 silly addNameRange     '1.6.0',
489 silly addNameRange     '1.6.1',
489 silly addNameRange     '1.6.2',
489 silly addNameRange     '1.7.0',
489 silly addNameRange     '1.7.1',
489 silly addNameRange     '1.7.2',
489 silly addNameRange     '1.7.3',
489 silly addNameRange     '1.7.4' ] ]
490 silly addNamed compression@1.7.4
491 verbose addNamed "1.7.4" is a plain semver version for compression
492 verbose get https://registry.npmjs.org/json-parse-helpfulerror not expired, no request
493 silly addNameRange number 2 { name: 'json-parse-helpfulerror',
493 silly addNameRange   range: '>=1.0.3 <2.0.0',
493 silly addNameRange   hasData: true }
494 silly addNameRange versions [ 'json-parse-helpfulerror', [ '1.0.1', '1.0.2', '1.0.3' ] ]
495 silly addNamed json-parse-helpfulerror@1.0.3
496 verbose addNamed "1.0.3" is a plain semver version for json-parse-helpfulerror
497 verbose get https://registry.npmjs.org/express-urlrewrite not expired, no request
498 silly addNameRange number 2 { name: 'express-urlrewrite',
498 silly addNameRange   range: '>=1.3.0 <2.0.0',
498 silly addNameRange   hasData: true }
499 silly addNameRange versions [ 'express-urlrewrite',
499 silly addNameRange   [ '1.0.0', '1.1.0', '1.2.0', '1.3.0', '1.4.0' ] ]
500 silly addNamed express-urlrewrite@1.4.0
501 verbose addNamed "1.4.0" is a plain semver version for express-urlrewrite
502 silly resolveWithNewModule morgan@1.10.0 checking installable status
503 silly cache add args [ 'morgan@^1.10.0', null ]
504 verbose cache add spec morgan@^1.10.0
505 silly cache add parsed spec Result {
505 silly cache add   raw: 'morgan@^1.10.0',
505 silly cache add   scope: null,
505 silly cache add   name: 'morgan',
505 silly cache add   rawSpec: '^1.10.0',
505 silly cache add   spec: '>=1.10.0 <2.0.0',
505 silly cache add   type: 'range' }
506 silly addNamed morgan@>=1.10.0 <2.0.0
507 verbose addNamed ">=1.10.0 <2.0.0" is a valid semver range for morgan
508 silly addNameRange { name: 'morgan', range: '>=1.10.0 <2.0.0', hasData: false }
509 silly mapToRegistry name morgan
510 silly mapToRegistry using default registry
511 silly mapToRegistry registry https://registry.npmjs.org/
512 silly mapToRegistry uri https://registry.npmjs.org/morgan
513 verbose addNameRange registry:https://registry.npmjs.org/morgan not in flight; fetching
514 silly resolveWithNewModule errorhandler@1.5.1 checking installable status
515 silly cache add args [ 'errorhandler@^1.5.1', null ]
516 verbose cache add spec errorhandler@^1.5.1
517 silly cache add parsed spec Result {
517 silly cache add   raw: 'errorhandler@^1.5.1',
517 silly cache add   scope: null,
517 silly cache add   name: 'errorhandler',
517 silly cache add   rawSpec: '^1.5.1',
517 silly cache add   spec: '>=1.5.1 <2.0.0',
517 silly cache add   type: 'range' }
518 silly addNamed errorhandler@>=1.5.1 <2.0.0
519 verbose addNamed ">=1.5.1 <2.0.0" is a valid semver range for errorhandler
520 silly addNameRange { name: 'errorhandler', range: '>=1.5.1 <2.0.0', hasData: false }
521 silly mapToRegistry name errorhandler
522 silly mapToRegistry using default registry
523 silly mapToRegistry registry https://registry.npmjs.org/
524 silly mapToRegistry uri https://registry.npmjs.org/errorhandler
525 verbose addNameRange registry:https://registry.npmjs.org/errorhandler not in flight; fetching
526 silly resolveWithNewModule cors@2.8.5 checking installable status
527 silly cache add args [ 'cors@^2.8.5', null ]
528 verbose cache add spec cors@^2.8.5
529 silly cache add parsed spec Result {
529 silly cache add   raw: 'cors@^2.8.5',
529 silly cache add   scope: null,
529 silly cache add   name: 'cors',
529 silly cache add   rawSpec: '^2.8.5',
529 silly cache add   spec: '>=2.8.5 <3.0.0',
529 silly cache add   type: 'range' }
530 silly addNamed cors@>=2.8.5 <3.0.0
531 verbose addNamed ">=2.8.5 <3.0.0" is a valid semver range for cors
532 silly addNameRange { name: 'cors', range: '>=2.8.5 <3.0.0', hasData: false }
533 silly mapToRegistry name cors
534 silly mapToRegistry using default registry
535 silly mapToRegistry registry https://registry.npmjs.org/
536 silly mapToRegistry uri https://registry.npmjs.org/cors
537 verbose addNameRange registry:https://registry.npmjs.org/cors not in flight; fetching
538 verbose stack Error: Missing required argument #1
538 verbose stack     at andLogAndFinish (/usr/share/npm/lib/fetch-package-metadata.js:31:3)
538 verbose stack     at fetchPackageMetadata (/usr/share/npm/lib/fetch-package-metadata.js:51:22)
538 verbose stack     at resolveWithNewModule (/usr/share/npm/lib/install/deps.js:456:12)
538 verbose stack     at /usr/share/npm/lib/install/deps.js:457:7
538 verbose stack     at /usr/share/npm/node_modules/iferr/index.js:13:50
538 verbose stack     at /usr/share/npm/lib/fetch-package-metadata.js:37:12
538 verbose stack     at addRequestedAndFinish (/usr/share/npm/lib/fetch-package-metadata.js:82:5)
538 verbose stack     at returnAndAddMetadata (/usr/share/npm/lib/fetch-package-metadata.js:117:7)
538 verbose stack     at pickVersionFromRegistryDocument (/usr/share/npm/lib/fetch-package-metadata.js:134:20)
538 verbose stack     at /usr/share/npm/node_modules/iferr/index.js:13:50
539 verbose cwd /home/vawn/Documents/JScript/Study/JScript-Study/json_server
540 error Linux 5.4.0-70-generic
541 error argv "/usr/bin/node" "/usr/bin/npm" "install" "json-server"
542 error node v8.10.0
543 error npm  v3.5.2
544 error code EMISSINGARG
545 error typeerror Error: Missing required argument #1
545 error typeerror     at andLogAndFinish (/usr/share/npm/lib/fetch-package-metadata.js:31:3)
545 error typeerror     at fetchPackageMetadata (/usr/share/npm/lib/fetch-package-metadata.js:51:22)
545 error typeerror     at resolveWithNewModule (/usr/share/npm/lib/install/deps.js:456:12)
545 error typeerror     at /usr/share/npm/lib/install/deps.js:457:7
545 error typeerror     at /usr/share/npm/node_modules/iferr/index.js:13:50
545 error typeerror     at /usr/share/npm/lib/fetch-package-metadata.js:37:12
545 error typeerror     at addRequestedAndFinish (/usr/share/npm/lib/fetch-package-metadata.js:82:5)
545 error typeerror     at returnAndAddMetadata (/usr/share/npm/lib/fetch-package-metadata.js:117:7)
545 error typeerror     at pickVersionFromRegistryDocument (/usr/share/npm/lib/fetch-package-metadata.js:134:20)
545 error typeerror     at /usr/share/npm/node_modules/iferr/index.js:13:50
546 error typeerror This is an error with npm itself. Please report this error at:
546 error typeerror     <http://github.com/npm/npm/issues>
547 verbose exit [ 1, true ]
